2019-06-16T12:50:46.319-0400 I CONTROL  [initandlisten] MongoDB starting : pid=25086 port=27018 dbpath=/scratch/echowdh2/mongodb_storage/bert_multimodal_transformer 64-bit host=bhc0085
2019-06-16T12:50:46.319-0400 I CONTROL  [initandlisten] db version v3.4.10
2019-06-16T12:50:46.319-0400 I CONTROL  [initandlisten] git version: 078f28920cb24de0dd479b5ea6c66c644f6326e9
2019-06-16T12:50:46.319-0400 I CONTROL  [initandlisten] OpenSSL version: OpenSSL 1.0.1e-fips 11 Feb 2013
2019-06-16T12:50:46.320-0400 I CONTROL  [initandlisten] allocator: tcmalloc
2019-06-16T12:50:46.320-0400 I CONTROL  [initandlisten] modules: none
2019-06-16T12:50:46.320-0400 I CONTROL  [initandlisten] build environment:
2019-06-16T12:50:46.320-0400 I CONTROL  [initandlisten]     distmod: rhel70
2019-06-16T12:50:46.320-0400 I CONTROL  [initandlisten]     distarch: x86_64
2019-06-16T12:50:46.320-0400 I CONTROL  [initandlisten]     target_arch: x86_64
2019-06-16T12:50:46.320-0400 I CONTROL  [initandlisten] options: { net: { port: 27018 }, storage: { dbPath: "/scratch/echowdh2/mongodb_storage/bert_multimodal_transformer" } }
2019-06-16T12:50:46.420-0400 W -        [initandlisten] Detected unclean shutdown - /scratch/echowdh2/mongodb_storage/bert_multimodal_transformer/mongod.lock is not empty.
2019-06-16T12:50:46.443-0400 I -        [initandlisten] Detected data files in /scratch/echowdh2/mongodb_storage/bert_multimodal_transformer created by the 'wiredTiger' storage engine, so setting the active storage engine to 'wiredTiger'.
2019-06-16T12:50:46.443-0400 W STORAGE  [initandlisten] Recovering data from the last clean checkpoint.
2019-06-16T12:50:46.444-0400 I STORAGE  [initandlisten] wiredtiger_open config: create,cache_size=63857M,session_max=20000,eviction=(threads_min=4,threads_max=4),config_base=false,statistics=(fast),log=(enabled=true,archive=true,path=journal,compressor=snappy),file_manager=(close_idle_time=100000),checkpoint=(wait=60,log_size=2GB),statistics_log=(wait=0),
2019-06-16T12:50:49.603-0400 I CONTROL  [initandlisten] 
2019-06-16T12:50:49.603-0400 I CONTROL  [initandlisten] ** WARNING: Access control is not enabled for the database.
2019-06-16T12:50:49.603-0400 I CONTROL  [initandlisten] **          Read and write access to data and configuration is unrestricted.
2019-06-16T12:50:49.603-0400 I CONTROL  [initandlisten] 
2019-06-16T12:50:49.603-0400 I CONTROL  [initandlisten] 
2019-06-16T12:50:49.603-0400 I CONTROL  [initandlisten] ** WARNING: You are running on a NUMA machine.
2019-06-16T12:50:49.603-0400 I CONTROL  [initandlisten] **          We suggest launching mongod like this to avoid performance problems:
2019-06-16T12:50:49.603-0400 I CONTROL  [initandlisten] **              numactl --interleave=all mongod [other options]
2019-06-16T12:50:49.603-0400 I CONTROL  [initandlisten] 
2019-06-16T12:50:49.603-0400 I CONTROL  [initandlisten] ** WARNING: /sys/kernel/mm/transparent_hugepage/enabled is 'always'.
2019-06-16T12:50:49.603-0400 I CONTROL  [initandlisten] **        We suggest setting it to 'never'
2019-06-16T12:50:49.603-0400 I CONTROL  [initandlisten] 
2019-06-16T12:50:49.603-0400 I CONTROL  [initandlisten] ** WARNING: /sys/kernel/mm/transparent_hugepage/defrag is 'always'.
2019-06-16T12:50:49.603-0400 I CONTROL  [initandlisten] **        We suggest setting it to 'never'
2019-06-16T12:50:49.603-0400 I CONTROL  [initandlisten] 
2019-06-16T12:50:49.826-0400 I FTDC     [initandlisten] Initializing full-time diagnostic data capture with directory '/scratch/echowdh2/mongodb_storage/bert_multimodal_transformer/diagnostic.data'
2019-06-16T12:50:49.827-0400 I NETWORK  [thread1] waiting for connections on port 27018
2019-06-16T12:50:50.044-0400 I FTDC     [ftdc] Unclean full-time diagnostic data capture shutdown detected, found interim file, some metrics may have been lost. OK
